<?xml version="1.0" encoding="UTF-8" ?>
<testsuite tests="4" failures="0" name="com.zhaohuiying.utils.RandomUtilsTest" time="0" errors="0" skipped="0">
  <properties>
[...]
</properties>
  <testcase classname="com.zhaohuiying.utils.RandomUtilsTest" name="com.zhaohuiying.utils.RandomUtilsTest.testRandomCharacter" time="0"/>
  <testcase classname="com.zhaohuiying.utils.RandomUtilsTest" name="com.zhaohuiying.utils.RandomUtilsTest.testRandom" time="0"/>
  <testcase classname="com.zhaohuiying.utils.RandomUtilsTest" name="com.zhaohuiying.utils.RandomUtilsTest.testSubRandom" time="0"/>
  <testcase classname="com.zhaohuiying.utils.RandomUtilsTest" name="com.zhaohuiying.utils.RandomUtilsTest.testRandomString" time="0"/>
</testsuite>